<?xml version="1.0" encoding="UTF-8"?>
<!-- Generated by org.testng.reporters.JUnitReportReporter -->
<testsuite hostname="DESKTOP-P38VBVE" failures="0" tests="6" name="com.Demo1.KeyDrivenDemo" time="21.328" errors="0" timestamp="2023-07-06T18:17:03 IST" skipped="0">
  <testcase classname="com.Demo1.KeyDrivenDemo" name="Login" time="5.587"/>
  <testcase classname="com.Demo1.KeyDrivenDemo" name="Login" time="2.139"/>
  <testcase classname="com.Demo1.KeyDrivenDemo" name="Login" time="6.597"/>
  <testcase classname="com.Demo1.KeyDrivenDemo" name="Login" time="2.851"/>
  <testcase classname="com.Demo1.KeyDrivenDemo" name="Login" time="2.194"/>
  <testcase classname="com.Demo1.KeyDrivenDemo" name="Login" time="1.960"/>
</testsuite> <!-- com.Demo1.KeyDrivenDemo -->
