<?xml version="1.0" encoding="UTF-8"?>
<!-- Generated by org.testng.reporters.JUnitReportReporter -->
<testsuite hostname="DESKTOP-P38VBVE" failures="0" tests="6" name="com.Demo1.HybridDrivenDemo" time="26.840" errors="0" timestamp="2023-07-06T21:15:44 IST" skipped="0">
  <testcase classname="com.Demo1.HybridDrivenDemo" name="Login" time="7.673"/>
  <testcase classname="com.Demo1.HybridDrivenDemo" name="Login" time="2.279"/>
  <testcase classname="com.Demo1.HybridDrivenDemo" name="Login" time="5.255"/>
  <testcase classname="com.Demo1.HybridDrivenDemo" name="Login" time="6.608"/>
  <testcase classname="com.Demo1.HybridDrivenDemo" name="Login" time="2.874"/>
  <testcase classname="com.Demo1.HybridDrivenDemo" name="Login" time="2.151"/>
</testsuite> <!-- com.Demo1.HybridDrivenDemo -->
