<?xml version="1.0" encoding="UTF-8"?>
<!-- Generated by org.testng.reporters.JUnitReportReporter -->
<testsuite hostname="DESKTOP-P38VBVE" failures="0" tests="2" name="com.mvn.LoginPage" time="44.936" errors="0" timestamp="2023-07-22T23:18:21 IST" skipped="0">
  <testcase classname="com.mvn.LoginPage" name="loginDetails" time="6.595"/>
  <testcase classname="com.mvn.LoginPage" name="cartDetails" time="38.341"/>
</testsuite> <!-- com.mvn.LoginPage -->
